[0m18:09:33.578003 [debug] [MainThread]: Sending event: {'category': 'dbt', 'action': 'invocation', 'label': 'start', 'context': [<snowplow_tracker.self_describing_json.SelfDescribingJson object at 0x7feae6496d80>, <snowplow_tracker.self_describing_json.SelfDescribingJson object at 0x7feae86f6d50>, <snowplow_tracker.self_describing_json.SelfDescribingJson object at 0x7feae6496a20>]}


============================== 18:09:33.582890 | 75625cb3-a443-445a-8544-49bd8537d932 ==============================
[0m18:09:33.582890 [info ] [MainThread]: Running with dbt=1.11.5
[0m18:09:33.584347 [debug] [MainThread]: running dbt with arguments {'partial_parse': 'True', 'use_colors': 'True', 'log_format': 'default', 'debug': 'False', 'warn_error_options': 'WarnErrorOptionsV2(error=[], warn=[], silence=[])', 'profiles_dir': '/root/.dbt', 'static_parser': 'True', 'cache_selected_only': 'False', 'no_print': 'None', 'invocation_command': 'dbt init taxi_rides_ny', 'indirect_selection': 'eager', 'write_json': 'True', 'send_anonymous_usage_stats': 'True', 'log_path': 'logs', 'fail_fast': 'False', 'use_experimental_parser': 'False', 'warn_error': 'None', 'introspect': 'True', 'quiet': 'False', 'target_path': 'None', 'log_cache_events': 'False', 'printer_width': '80', 'empty': 'None', 'version_check': 'True'}
[0m18:09:33.608372 [debug] [MainThread]: Starter project path: /root/.local/share/pipx/venvs/dbt-core/lib/python3.12/site-packages/dbt/include/starter_project
[0m18:09:33.733742 [info ] [MainThread]: 
Your new dbt project "taxi_rides_ny" was created!

For more information on how to configure the profiles.yml file,
please consult the dbt documentation here:

  https://docs.getdbt.com/docs/configure-your-profile

One more thing:

Need help? Don't hesitate to reach out to us via GitHub issues or on Slack:

  https://community.getdbt.com/

Happy modeling!

[0m18:09:33.735339 [info ] [MainThread]: Setting up your profile.
[0m18:09:44.621287 [debug] [MainThread]: Resource report: {"command_name": "init", "command_success": true, "command_wall_clock_time": 11.107687, "process_in_blocks": "0", "process_kernel_time": 0.11214, "process_mem_max_rss": "136552", "process_out_blocks": "8", "process_user_time": 1.468016}
[0m18:09:44.623071 [debug] [MainThread]: Command `dbt init` succeeded at 18:09:44.622912 after 11.11 seconds
[0m18:09:44.624526 [debug] [MainThread]: Sending event: {'category': 'dbt', 'action': 'invocation', 'label': 'end', 'context': [<snowplow_tracker.self_describing_json.SelfDescribingJson object at 0x7feae5fae7b0>, <snowplow_tracker.self_describing_json.SelfDescribingJson object at 0x7feae6879730>, <snowplow_tracker.self_describing_json.SelfDescribingJson object at 0x7feae62dcaa0>]}
[0m18:09:44.626025 [debug] [MainThread]: Flushing usage events
[0m18:09:45.154775 [debug] [MainThread]: An error was encountered while trying to flush usage events
[0m20:20:06.244073 [debug] [MainThread]: Sending event: {'category': 'dbt', 'action': 'invocation', 'label': 'start', 'context': [<snowplow_tracker.self_describing_json.SelfDescribingJson object at 0x7fee0f9408f0>, <snowplow_tracker.self_describing_json.SelfDescribingJson object at 0x7fee0f729730>, <snowplow_tracker.self_describing_json.SelfDescribingJson object at 0x7fee0fd7f500>]}


============================== 20:20:06.247332 | 16e3bada-d81e-4975-9d8a-3e5c02087483 ==============================
[0m20:20:06.247332 [info ] [MainThread]: Running with dbt=1.11.5
[0m20:20:06.248634 [debug] [MainThread]: running dbt with arguments {'fail_fast': 'False', 'quiet': 'False', 'write_json': 'True', 'use_colors': 'True', 'version_check': 'True', 'warn_error_options': 'WarnErrorOptionsV2(error=[], warn=[], silence=[])', 'partial_parse': 'True', 'profiles_dir': '/root/.dbt', 'target_path': 'None', 'empty': 'None', 'invocation_command': 'dbt debug', 'no_print': 'None', 'log_path': 'logs', 'static_parser': 'True', 'cache_selected_only': 'False', 'introspect': 'True', 'debug': 'False', 'indirect_selection': 'eager', 'log_format': 'default', 'printer_width': '80', 'send_anonymous_usage_stats': 'True', 'log_cache_events': 'False', 'warn_error': 'None', 'use_experimental_parser': 'False'}
[0m20:20:06.257192 [info ] [MainThread]: dbt version: 1.11.5
[0m20:20:06.258523 [info ] [MainThread]: python version: 3.12.3
[0m20:20:06.259599 [info ] [MainThread]: python path: /root/.local/share/pipx/venvs/dbt-core/bin/python
[0m20:20:06.260527 [info ] [MainThread]: os info: Linux-5.15.146.1-microsoft-standard-WSL2-x86_64-with-glibc2.39
[0m20:20:06.375471 [info ] [MainThread]: Using profiles dir at /root/.dbt
[0m20:20:06.377286 [info ] [MainThread]: Using profiles.yml file at /root/.dbt/profiles.yml
[0m20:20:06.378448 [info ] [MainThread]: Using dbt_project.yml file at /mnt/c/Users/Christian/Documents/data_engineer_zoomcamp_2026/Module4/dbt_project.yml
[0m20:20:06.381739 [info ] [MainThread]: adapter type: duckdb
[0m20:20:06.383699 [info ] [MainThread]: adapter version: 1.10.0
[0m20:20:06.385491 [info ] [MainThread]: Configuration:
[0m20:20:06.386965 [info ] [MainThread]:   profiles.yml file [[32mOK found and valid[0m]
[0m20:20:06.388230 [info ] [MainThread]:   dbt_project.yml file [[31mERROR not found[0m]
[0m20:20:06.390971 [info ] [MainThread]: Required dependencies:
[0m20:20:06.393080 [debug] [MainThread]: Executing "git --help"
[0m20:20:06.396921 [debug] [MainThread]: STDOUT: "b"usage: git [-v | --version] [-h | --help] [-C <path>] [-c <name>=<value>]\n           [--exec-path[=<path>]] [--html-path] [--man-path] [--info-path]\n           [-p | --paginate | -P | --no-pager] [--no-replace-objects] [--bare]\n           [--git-dir=<path>] [--work-tree=<path>] [--namespace=<name>]\n           [--config-env=<name>=<envvar>] <command> [<args>]\n\nThese are common Git commands used in various situations:\n\nstart a working area (see also: git help tutorial)\n   clone     Clone a repository into a new directory\n   init      Create an empty Git repository or reinitialize an existing one\n\nwork on the current change (see also: git help everyday)\n   add       Add file contents to the index\n   mv        Move or rename a file, a directory, or a symlink\n   restore   Restore working tree files\n   rm        Remove files from the working tree and from the index\n\nexamine the history and state (see also: git help revisions)\n   bisect    Use binary search to find the commit that introduced a bug\n   diff      Show changes between commits, commit and working tree, etc\n   grep      Print lines matching a pattern\n   log       Show commit logs\n   show      Show various types of objects\n   status    Show the working tree status\n\ngrow, mark and tweak your common history\n   branch    List, create, or delete branches\n   commit    Record changes to the repository\n   merge     Join two or more development histories together\n   rebase    Reapply commits on top of another base tip\n   reset     Reset current HEAD to the specified state\n   switch    Switch branches\n   tag       Create, list, delete or verify a tag object signed with GPG\n\ncollaborate (see also: git help workflows)\n   fetch     Download objects and refs from another repository\n   pull      Fetch from and integrate with another repository or a local branch\n   push      Update remote refs along with associated objects\n\n'git help -a' and 'git help -g' list available subcommands and some\nconcept guides. See 'git help <command>' or 'git help <concept>'\nto read about a specific subcommand or concept.\nSee 'git help git' for an overview of the system.\n""
[0m20:20:06.399000 [debug] [MainThread]: STDERR: "b''"
[0m20:20:06.400735 [info ] [MainThread]:  - git [[32mOK found[0m]

[0m20:20:06.402021 [info ] [MainThread]: Connection:
[0m20:20:06.403101 [info ] [MainThread]:   database: taxi_rides_ny
[0m20:20:06.404523 [info ] [MainThread]:   schema: dev
[0m20:20:06.406219 [info ] [MainThread]:   path: taxi_rides_ny.duckdb
[0m20:20:06.407434 [info ] [MainThread]:   config_options: None
[0m20:20:06.409621 [info ] [MainThread]:   extensions: ['parquet']
[0m20:20:06.410801 [info ] [MainThread]:   settings: {'memory_limit': '2GB', 'preserve_insertion_order': False}
[0m20:20:06.411934 [info ] [MainThread]:   external_root: .
[0m20:20:06.412900 [info ] [MainThread]:   use_credential_provider: None
[0m20:20:06.414133 [info ] [MainThread]:   attach: None
[0m20:20:06.415177 [info ] [MainThread]:   filesystems: None
[0m20:20:06.416042 [info ] [MainThread]:   remote: None
[0m20:20:06.416848 [info ] [MainThread]:   plugins: None
[0m20:20:06.417637 [info ] [MainThread]:   disable_transactions: False
[0m20:20:06.418852 [info ] [MainThread]: Registered adapter: duckdb=1.10.0
[0m20:20:06.499688 [debug] [MainThread]: Acquiring new duckdb connection 'debug'
[0m20:20:06.522294 [debug] [MainThread]: Using duckdb connection "debug"
[0m20:20:06.524335 [debug] [MainThread]: On debug: select 1 as id
[0m20:20:06.525706 [debug] [MainThread]: Opening a new connection, currently in state init
[0m20:20:06.557168 [debug] [MainThread]: SQL status: OK in 0.031 seconds
[0m20:20:06.559873 [debug] [MainThread]: On debug: Close
[0m20:20:06.561216 [info ] [MainThread]:   Connection test: [[32mOK connection ok[0m]

[0m20:20:06.562508 [info ] [MainThread]: [31m1 check failed:[0m
[0m20:20:06.563556 [info ] [MainThread]: Project loading failed for the following reason:
 project path </mnt/c/Users/Christian/Documents/data_engineer_zoomcamp_2026/Module4/dbt_project.yml> not found

[0m20:20:06.565360 [debug] [MainThread]: Resource report: {"command_name": "debug", "command_success": false, "command_wall_clock_time": 0.3775748, "process_in_blocks": "0", "process_kernel_time": 0.159905, "process_mem_max_rss": "161792", "process_out_blocks": "0", "process_user_time": 1.369187}
[0m20:20:06.567250 [debug] [MainThread]: Command `dbt debug` failed at 20:20:06.566983 after 0.38 seconds
[0m20:20:06.568714 [debug] [MainThread]: Connection 'debug' was properly closed.
[0m20:20:06.569865 [debug] [MainThread]: Sending event: {'category': 'dbt', 'action': 'invocation', 'label': 'end', 'context': [<snowplow_tracker.self_describing_json.SelfDescribingJson object at 0x7fee0f540b00>, <snowplow_tracker.self_describing_json.SelfDescribingJson object at 0x7fee0b5c82f0>, <snowplow_tracker.self_describing_json.SelfDescribingJson object at 0x7fee11c8e900>]}
[0m20:20:06.570901 [debug] [MainThread]: Flushing usage events
[0m20:20:08.090382 [debug] [MainThread]: An error was encountered while trying to flush usage events
